%!Adobe-FontList 1.20
%Locale:0x409

%BeginFont
Handler:DirectoryHandler
FontType:TrueType
FontName:Helvetica
FamilyName:Helvetica
StyleName:Regular
MenuName:Helvetica
StyleBits:0
WeightClass:400
WidthClass:5
AngleClass:0
FullName:Helvetica
WritingScript:Roman
OutlineFileName:/Volumes/LaCie/Proyectos Belcorp/ATRACCION/Recruiting Marketing /Layouts/Carpeta BELCORP atrac layout pestañas nov 29_2/Document fonts/Helvetica.ttc
TTCOffset:48
DataFormat:sfntData
hasSVG:no
VariableFontType:NonVariableFont
FileLength:2319952
FileModTime:556235899
NameArray:0,Mac,18,Helvetica
NameArray:0,Mac,4,Helvetica
%EndFont

%BeginFont
Handler:DirectoryHandler
FontType:TrueType
FontName:Helvetica-Bold
FamilyName:Helvetica
StyleName:Bold
MenuName:Helvetica
StyleBits:2
WeightClass:700
WidthClass:5
AngleClass:0
FullName:Helvetica Bold
WritingScript:Roman
OutlineFileName:/Volumes/LaCie/Proyectos Belcorp/ATRACCION/Recruiting Marketing /Layouts/Carpeta BELCORP atrac layout pestañas nov 29_2/Document fonts/Helvetica.ttc
TTCOffset:380
DataFormat:sfntData
hasSVG:no
VariableFontType:NonVariableFont
FileLength:2319952
FileModTime:556235899
NameArray:0,Mac,4,Helvetica Bold
NameArray:0,Mac,4,Helvetica lihava
NameArray:0,Mac,4,Helvetica Gras
NameArray:0,Mac,4,Helvetica Fett
NameArray:0,Mac,4,Helvetica grassetto
NameArray:0,Mac,4,Helvetica vet
NameArray:0,Mac,4,Helvetica Fet
NameArray:0,Mac,4,Helvetica Negrita
NameArray:0,Mac,4,Helvetica Carregado
NameArray:0,Mac,4,Helvetica Halvfet
NameArray:0,Mac,18,Helvetica Bold
NameArray:4,Mac,4,Helvetica‭ ‬أسود
NameArray:4,Mac,4,Helvetica‭ ‬برجسته
NameArray:5,Mac,4,Helvetica‭ ‬עבה
%EndFont

%BeginFont
Handler:DirectoryHandler
FontType:TrueType
FontName:Helvetica-Oblique
FamilyName:Helvetica
StyleName:Oblique
MenuName:Helvetica
StyleBits:1
WeightClass:400
WidthClass:5
AngleClass:1
FullName:Helvetica Oblique
WritingScript:Roman
OutlineFileName:/Volumes/LaCie/Proyectos Belcorp/ATRACCION/Recruiting Marketing /Layouts/Carpeta BELCORP atrac layout pestañas nov 29_2/Document fonts/Helvetica.ttc
TTCOffset:712
DataFormat:sfntData
hasSVG:no
VariableFontType:NonVariableFont
FileLength:2319952
FileModTime:556235899
NameArray:0,Mac,18,Helvetica Oblique
NameArray:0,Mac,4,Helvetica Oblique
%EndFont

%BeginFont
Handler:DirectoryHandler
FontType:TrueType
FontName:Helvetica-BoldOblique
FamilyName:Helvetica
StyleName:Bold Oblique
MenuName:Helvetica
StyleBits:3
WeightClass:700
WidthClass:5
AngleClass:1
FullName:Helvetica Bold Oblique
WritingScript:Roman
OutlineFileName:/Volumes/LaCie/Proyectos Belcorp/ATRACCION/Recruiting Marketing /Layouts/Carpeta BELCORP atrac layout pestañas nov 29_2/Document fonts/Helvetica.ttc
TTCOffset:1044
DataFormat:sfntData
hasSVG:no
VariableFontType:NonVariableFont
FileLength:2319952
FileModTime:556235899
NameArray:0,Mac,18,Helvetica Bold Oblique
NameArray:0,Mac,4,Helvetica Bold Oblique
%EndFont

%BeginFont
Handler:DirectoryHandler
FontType:TrueType
FontName:Helvetica-Light
FamilyName:Helvetica
StyleName:Light
MenuName:Helvetica
StyleBits:0
WeightClass:300
WidthClass:5
AngleClass:0
FullName:Helvetica Light
WritingScript:Roman
OutlineFileName:/Volumes/LaCie/Proyectos Belcorp/ATRACCION/Recruiting Marketing /Layouts/Carpeta BELCORP atrac layout pestañas nov 29_2/Document fonts/Helvetica.ttc
TTCOffset:1376
DataFormat:sfntData
hasSVG:no
VariableFontType:NonVariableFont
FileLength:2319952
FileModTime:556235899
NameArray:0,Mac,18,Helvetica Light
NameArray:0,Mac,4,Helvetica Light
%EndFont

%BeginFont
Handler:DirectoryHandler
FontType:TrueType
FontName:Helvetica-LightOblique
FamilyName:Helvetica
StyleName:Light Oblique
MenuName:Helvetica
StyleBits:1
WeightClass:300
WidthClass:5
AngleClass:1
FullName:Helvetica Light Oblique
WritingScript:Roman
OutlineFileName:/Volumes/LaCie/Proyectos Belcorp/ATRACCION/Recruiting Marketing /Layouts/Carpeta BELCORP atrac layout pestañas nov 29_2/Document fonts/Helvetica.ttc
TTCOffset:1676
DataFormat:sfntData
hasSVG:no
VariableFontType:NonVariableFont
FileLength:2319952
FileModTime:556235899
NameArray:0,Mac,18,Helvetica Light Oblique
NameArray:0,Mac,4,Helvetica Light Oblique
%EndFont

%BeginFont
Handler:DirectoryHandler
FontType:Type1
FontName:MinionPro-Regular
FamilyName:Minion Pro
StyleName:Regular
MenuName:Minion Pro
StyleBits:0
WeightClass:400
WidthClass:5
AngleClass:0
FullName:Minion Pro
WritingScript:Roman
OutlineFileName:/Volumes/LaCie/Proyectos Belcorp/ATRACCION/Recruiting Marketing /Layouts/Carpeta BELCORP atrac layout pestañas nov 29_2/Document fonts/MinionPro-Regular.otf
DataFormat:sfntData
UsesStandardEncoding:yes
isCFF:yes
hasSVG:no
VariableFontType:NonVariableFont
FileLength:218640
FileModTime:590010293
DesignSize:110
NameArray:0,Mac,4,Minion Pro
NameArray:0,Win,1,Minion Pro
%EndFont

%BeginFont
Handler:DirectoryHandler
FontType:Type1
FontName:MuseoSans-100
FamilyName:Museo Sans
StyleName:100
MenuName:Museo Sans 100
StyleBits:0
WeightClass:250
WidthClass:5
AngleClass:0
FullName:Museo Sans 100
WritingScript:Roman
OutlineFileName:/Volumes/LaCie/Proyectos Belcorp/ATRACCION/Recruiting Marketing /Layouts/Carpeta BELCORP atrac layout pestañas nov 29_2/Document fonts/MuseoSans_100.otf
DataFormat:sfntData
UsesStandardEncoding:yes
isCFF:yes
hasSVG:no
VariableFontType:NonVariableFont
FileLength:62420
FileModTime:250707804
NameArray:0,Mac,4,Museo Sans 100
NameArray:0,Win,1,Museo Sans 100
NameArray:0,Win,16,Museo Sans
%EndFont

%BeginFont
Handler:DirectoryHandler
FontType:Type1
FontName:MuseoSans-300
FamilyName:Museo Sans
StyleName:300
MenuName:Museo Sans 300
StyleBits:0
WeightClass:300
WidthClass:5
AngleClass:0
FullName:Museo Sans 300
WritingScript:Roman
OutlineFileName:/Volumes/LaCie/Proyectos Belcorp/ATRACCION/Recruiting Marketing /Layouts/Carpeta BELCORP atrac layout pestañas nov 29_2/Document fonts/MuseoSans_300.otf
DataFormat:sfntData
UsesStandardEncoding:yes
isCFF:yes
hasSVG:no
VariableFontType:NonVariableFont
FileLength:62924
FileModTime:250707804
NameArray:0,Mac,4,Museo Sans 300
NameArray:0,Win,1,Museo Sans 300
NameArray:0,Win,16,Museo Sans
%EndFont

%BeginFont
Handler:DirectoryHandler
FontType:Type1
FontName:MuseoSans-500
FamilyName:Museo Sans
StyleName:500
MenuName:Museo Sans 500
StyleBits:0
WeightClass:400
WidthClass:5
AngleClass:0
FullName:Museo Sans 500
WritingScript:Roman
OutlineFileName:/Volumes/LaCie/Proyectos Belcorp/ATRACCION/Recruiting Marketing /Layouts/Carpeta BELCORP atrac layout pestañas nov 29_2/Document fonts/MuseoSans_500.otf
DataFormat:sfntData
UsesStandardEncoding:yes
isCFF:yes
hasSVG:no
VariableFontType:NonVariableFont
FileLength:62504
FileModTime:490563874
NameArray:0,Mac,4,Museo Sans 500
NameArray:0,Win,1,Museo Sans 500
NameArray:0,Win,16,Museo Sans
%EndFont

%BeginFont
Handler:DirectoryHandler
FontType:Type1
FontName:MuseoSans-700
FamilyName:Museo Sans
StyleName:700
MenuName:Museo Sans 700
StyleBits:0
WeightClass:600
WidthClass:5
AngleClass:0
FullName:Museo Sans 700
WritingScript:Roman
OutlineFileName:/Volumes/LaCie/Proyectos Belcorp/ATRACCION/Recruiting Marketing /Layouts/Carpeta BELCORP atrac layout pestañas nov 29_2/Document fonts/MuseoSans_700.otf
DataFormat:sfntData
UsesStandardEncoding:yes
isCFF:yes
hasSVG:no
VariableFontType:NonVariableFont
FileLength:63568
FileModTime:250707804
NameArray:0,Mac,4,Museo Sans 700
NameArray:0,Win,1,Museo Sans 700
NameArray:0,Win,16,Museo Sans
%EndFont

%BeginFont
Handler:DirectoryHandler
FontType:Type1
FontName:MuseoSans-900
FamilyName:Museo Sans
StyleName:900
MenuName:Museo Sans 900
StyleBits:0
WeightClass:700
WidthClass:5
AngleClass:0
FullName:Museo Sans 900
WritingScript:Roman
OutlineFileName:/Volumes/LaCie/Proyectos Belcorp/ATRACCION/Recruiting Marketing /Layouts/Carpeta BELCORP atrac layout pestañas nov 29_2/Document fonts/MuseoSans_900.otf
DataFormat:sfntData
UsesStandardEncoding:yes
isCFF:yes
hasSVG:no
VariableFontType:NonVariableFont
FileLength:65240
FileModTime:250707804
NameArray:0,Mac,4,Museo Sans 900
NameArray:0,Win,1,Museo Sans 900
NameArray:0,Win,16,Museo Sans
%EndFont

%BeginFont
Handler:DirectoryHandler
FontType:Invalid
OutlineFileName:/Volumes/LaCie/Proyectos Belcorp/ATRACCION/Recruiting Marketing /Layouts/Carpeta BELCORP atrac layout pestañas nov 29_2/Document fonts/AdobeFnt20.lst
FileLength:7985
FileModTime:596759349
%EndFont

